{"total": {"lines":{"total":171,"covered":54,"skipped":0,"pct":31.57},"statements":{"total":180,"covered":54,"skipped":0,"pct":30},"functions":{"total":18,"covered":3,"skipped":0,"pct":16.66},"branches":{"total":66,"covered":11,"skipped":0,"pct":16.66},"branchesTrue":{"total":0,"covered":0,"skipped":0,"pct":100}}
,"/home/ubuntu/finance-backend/src/index.ts": {"lines":{"total":47,"covered":30,"skipped":0,"pct":63.82},"functions":{"total":6,"covered":2,"skipped":0,"pct":33.33},"statements":{"total":47,"covered":30,"skipped":0,"pct":63.82},"branches":{"total":18,"covered":6,"skipped":0,"pct":33.33}}
,"/home/ubuntu/finance-backend/src/controllers/AuthController.ts": {"lines":{"total":33,"covered":0,"skipped":0,"pct":0},"functions":{"total":4,"covered":0,"skipped":0,"pct":0},"statements":{"total":40,"covered":0,"skipped":0,"pct":0},"branches":{"total":18,"covered":0,"skipped":0,"pct":0}}
,"/home/ubuntu/finance-backend/src/controllers/FinanceController.ts": {"lines":{"total":52,"covered":0,"skipped":0,"pct":0},"functions":{"total":6,"covered":0,"skipped":0,"pct":0},"statements":{"total":54,"covered":0,"skipped":0,"pct":0},"branches":{"total":16,"covered":0,"skipped":0,"pct":0}}
,"/home/ubuntu/finance-backend/src/lib/prisma.ts": {"lines":{"total":6,"covered":4,"skipped":0,"pct":66.66},"functions":{"total":1,"covered":1,"skipped":0,"pct":100},"statements":{"total":6,"covered":4,"skipped":0,"pct":66.66},"branches":{"total":4,"covered":2,"skipped":0,"pct":50}}
,"/home/ubuntu/finance-backend/src/lib/supabase.ts": {"lines":{"total":7,"covered":5,"skipped":0,"pct":71.42},"functions":{"total":0,"covered":0,"skipped":0,"pct":100},"statements":{"total":7,"covered":5,"skipped":0,"pct":71.42},"branches":{"total":4,"covered":3,"skipped":0,"pct":75}}
,"/home/ubuntu/finance-backend/src/middlewares/auth.ts": {"lines":{"total":12,"covered":1,"skipped":0,"pct":8.33},"functions":{"total":1,"covered":0,"skipped":0,"pct":0},"statements":{"total":12,"covered":1,"skipped":0,"pct":8.33},"branches":{"total":6,"covered":0,"skipped":0,"pct":0}}
,"/home/ubuntu/finance-backend/src/routes/auth.ts": {"lines":{"total":6,"covered":6,"skipped":0,"pct":100},"functions":{"total":0,"covered":0,"skipped":0,"pct":100},"statements":{"total":6,"covered":6,"skipped":0,"pct":100},"branches":{"total":0,"covered":0,"skipped":0,"pct":100}}
,"/home/ubuntu/finance-backend/src/routes/finance.ts": {"lines":{"total":8,"covered":8,"skipped":0,"pct":100},"functions":{"total":0,"covered":0,"skipped":0,"pct":100},"statements":{"total":8,"covered":8,"skipped":0,"pct":100},"branches":{"total":0,"covered":0,"skipped":0,"pct":100}}
}
