TN:
SF:src\services\acbr.ts
FN:5,authenticate
FN:27,proxyRequest
FNF:2
FNH:2
FNDA:12,authenticate
FNDA:7,proxyRequest
DA:1,5
DA:2,5
DA:3,5
DA:6,12
DA:13,12
DA:19,12
DA:20,2
DA:21,2
DA:24,10
DA:37,7
DA:38,7
DA:39,7
DA:40,6
DA:41,6
DA:42,8
DA:44,6
DA:47,7
DA:56,7
DA:58,7
DA:59,6
DA:61,1
DA:64,7
DA:65,3
DA:66,3
DA:67,3
DA:70,4
LF:26
LH:26
BRDA:19,0,0,2
BRDA:19,0,1,10
BRDA:37,1,0,0
BRDA:37,1,1,7
BRDA:39,2,0,6
BRDA:39,2,1,1
BRDA:44,3,0,6
BRDA:44,3,1,0
BRDA:48,4,0,7
BRDA:48,4,1,5
BRDA:53,5,0,2
BRDA:53,5,1,5
BRDA:58,6,0,6
BRDA:58,6,1,1
BRDA:64,7,0,3
BRDA:64,7,1,4
BRDA:65,8,0,2
BRDA:65,8,1,1
BRDA:65,9,0,2
BRDA:65,9,1,2
BRDA:65,9,2,0
BRF:21
BRH:18
end_of_record
