TN:
SF:src\index.ts
FN:20,runPrismaMigrations
FN:60,(anonymous_1)
FN:73,(anonymous_2)
FN:84,(anonymous_3)
FN:108,(anonymous_4)
FN:139,(anonymous_5)
FN:162,(anonymous_6)
FN:188,(anonymous_7)
FN:190,(anonymous_8)
FN:206,(anonymous_9)
FNF:10
FNH:4
FNDA:0,runPrismaMigrations
FNDA:0,(anonymous_1)
FNDA:1,(anonymous_2)
FNDA:1,(anonymous_3)
FNDA:0,(anonymous_4)
FNDA:2,(anonymous_5)
FNDA:0,(anonymous_6)
FNDA:0,(anonymous_7)
FNDA:2,(anonymous_8)
FNDA:0,(anonymous_9)
DA:12,2
DA:13,2
DA:15,2
DA:16,2
DA:17,2
DA:21,0
DA:22,0
DA:23,0
DA:24,0
DA:26,0
DA:32,2
DA:33,0
DA:35,2
DA:37,2
DA:38,2
DA:41,2
DA:42,2
DA:43,2
DA:46,2
DA:47,2
DA:48,0
DA:49,0
DA:52,2
DA:53,2
DA:54,2
DA:59,2
DA:60,2
DA:61,0
DA:70,0
DA:73,2
DA:74,1
DA:77,2
DA:78,2
DA:84,2
DA:85,1
DA:86,1
DA:90,1
DA:91,0
DA:92,0
DA:96,1
DA:97,1
DA:98,1
DA:101,0
DA:103,0
DA:104,0
DA:108,2
DA:109,0
DA:110,0
DA:114,0
DA:115,0
DA:116,0
DA:117,0
DA:121,0
DA:122,0
DA:124,0
DA:126,0
DA:127,0
DA:128,0
DA:129,0
DA:132,0
DA:134,0
DA:135,0
DA:139,2
DA:140,2
DA:141,2
DA:144,2
DA:145,0
DA:146,0
DA:150,2
DA:151,2
DA:152,1
DA:155,1
DA:157,0
DA:158,0
DA:162,2
DA:163,0
DA:164,0
DA:166,0
DA:167,0
DA:170,0
DA:172,0
DA:173,0
DA:176,0
DA:178,0
DA:180,0
DA:181,0
DA:185,2
DA:188,2
DA:190,2
DA:191,2
DA:205,2
DA:206,0
DA:207,0
LF:93
LH:45
BRDA:32,0,0,0
BRDA:32,0,1,2
BRDA:35,1,0,2
BRDA:35,1,1,2
BRDA:46,2,0,2
BRDA:46,2,1,0
BRDA:48,3,0,0
BRDA:48,3,1,0
BRDA:52,4,0,2
BRDA:52,4,1,0
BRDA:90,5,0,0
BRDA:90,5,1,1
BRDA:97,6,0,1
BRDA:97,6,1,0
BRDA:114,7,0,0
BRDA:114,7,1,0
BRDA:114,8,0,0
BRDA:114,8,1,0
BRDA:126,9,0,0
BRDA:126,9,1,0
BRDA:144,10,0,0
BRDA:144,10,1,2
BRDA:151,11,0,1
BRDA:151,11,1,1
BRDA:166,12,0,0
BRDA:166,12,1,0
BRDA:172,13,0,0
BRDA:172,13,1,0
BRDA:205,14,0,0
BRDA:205,14,1,2
BRDA:205,15,0,2
BRDA:205,15,1,2
BRF:32
BRH:13
end_of_record
TN:
SF:src\controllers\AuthController.ts
FN:21,(anonymous_0)
FN:72,(anonymous_1)
FN:115,(anonymous_2)
FN:125,(anonymous_3)
FN:158,(anonymous_4)
FNF:5
FNH:0
FNDA:0,(anonymous_0)
FNDA:0,(anonymous_1)
FNDA:0,(anonymous_2)
FNDA:0,(anonymous_3)
FNDA:0,(anonymous_4)
DA:18,2
DA:22,0
DA:24,0
DA:25,0
DA:35,0
DA:36,0
DA:38,0
DA:41,0
DA:57,0
DA:67,0
DA:68,0
DA:73,0
DA:75,0
DA:76,0
DA:81,0
DA:82,0
DA:84,0
DA:86,0
DA:100,0
DA:110,0
DA:111,0
DA:116,0
DA:117,0
DA:118,0
DA:119,0
DA:121,0
DA:126,0
DA:128,0
DA:129,0
DA:132,0
DA:133,0
DA:135,0
DA:136,0
DA:138,0
DA:139,0
DA:141,0
DA:142,0
DA:145,0
DA:153,0
DA:154,0
DA:159,0
DA:160,0
DA:162,0
DA:163,0
DA:164,0
DA:168,0
DA:170,0
DA:177,0
LF:48
LH:1
BRDA:35,0,0,0
BRDA:35,0,1,0
BRDA:36,1,0,0
BRDA:36,1,1,0
BRDA:81,2,0,0
BRDA:81,2,1,0
BRDA:82,3,0,0
BRDA:82,3,1,0
BRDA:94,4,0,0
BRDA:94,4,1,0
BRDA:95,5,0,0
BRDA:95,5,1,0
BRDA:118,6,0,0
BRDA:118,6,1,0
BRDA:128,7,0,0
BRDA:128,7,1,0
BRDA:135,8,0,0
BRDA:135,8,1,0
BRDA:136,9,0,0
BRDA:136,9,1,0
BRDA:139,10,0,0
BRDA:139,10,1,0
BRDA:139,10,2,0
BRDA:141,11,0,0
BRDA:141,11,1,0
BRDA:160,12,0,0
BRDA:160,12,1,0
BRDA:168,13,0,0
BRDA:168,13,1,0
BRF:29
BRH:0
end_of_record
TN:
SF:src\controllers\FinanceController.ts
FN:18,(anonymous_0)
FN:31,(anonymous_1)
FN:32,(anonymous_2)
FN:32,(anonymous_3)
FN:33,(anonymous_4)
FN:33,(anonymous_5)
FN:44,(anonymous_6)
FN:53,(anonymous_7)
FN:54,(anonymous_8)
FN:77,(anonymous_9)
FN:92,(anonymous_10)
FN:104,(anonymous_11)
FN:126,(anonymous_12)
FN:141,(anonymous_13)
FN:154,(anonymous_14)
FN:169,(anonymous_15)
FN:181,(anonymous_16)
FN:202,(anonymous_17)
FN:217,(anonymous_18)
FN:230,(anonymous_19)
FN:247,(anonymous_20)
FN:284,(anonymous_21)
FN:329,(anonymous_22)
FNF:23
FNH:0
FNDA:0,(anonymous_0)
FNDA:0,(anonymous_1)
FNDA:0,(anonymous_2)
FNDA:0,(anonymous_3)
FNDA:0,(anonymous_4)
FNDA:0,(anonymous_5)
FNDA:0,(anonymous_6)
FNDA:0,(anonymous_7)
FNDA:0,(anonymous_8)
FNDA:0,(anonymous_9)
FNDA:0,(anonymous_10)
FNDA:0,(anonymous_11)
FNDA:0,(anonymous_12)
FNDA:0,(anonymous_13)
FNDA:0,(anonymous_14)
FNDA:0,(anonymous_15)
FNDA:0,(anonymous_16)
FNDA:0,(anonymous_17)
FNDA:0,(anonymous_18)
FNDA:0,(anonymous_19)
FNDA:0,(anonymous_20)
FNDA:0,(anonymous_21)
FNDA:0,(anonymous_22)
DA:19,0
DA:20,0
DA:22,0
DA:23,0
DA:24,0
DA:25,0
DA:31,0
DA:32,0
DA:33,0
DA:34,0
DA:35,0
DA:37,0
DA:38,0
DA:39,0
DA:40,0
DA:41,0
DA:42,0
DA:44,0
DA:46,0
DA:47,0
DA:48,0
DA:49,0
DA:50,0
DA:51,0
DA:53,0
DA:54,0
DA:60,0
DA:70,0
DA:71,0
DA:78,0
DA:79,0
DA:80,0
DA:81,0
DA:82,0
DA:86,0
DA:88,0
DA:93,0
DA:94,0
DA:95,0
DA:96,0
DA:97,0
DA:98,0
DA:100,0
DA:105,0
DA:106,0
DA:107,0
DA:108,0
DA:109,0
DA:120,0
DA:122,0
DA:127,0
DA:128,0
DA:129,0
DA:130,0
DA:131,0
DA:135,0
DA:137,0
DA:142,0
DA:143,0
DA:144,0
DA:145,0
DA:146,0
DA:148,0
DA:155,0
DA:156,0
DA:157,0
DA:158,0
DA:159,0
DA:163,0
DA:165,0
DA:170,0
DA:171,0
DA:172,0
DA:173,0
DA:174,0
DA:175,0
DA:177,0
DA:182,0
DA:183,0
DA:184,0
DA:185,0
DA:186,0
DA:196,0
DA:198,0
DA:203,0
DA:204,0
DA:205,0
DA:206,0
DA:207,0
DA:211,0
DA:213,0
DA:218,0
DA:219,0
DA:220,0
DA:221,0
DA:222,0
DA:224,0
DA:231,0
DA:232,0
DA:234,0
DA:235,0
DA:236,0
DA:241,0
DA:243,0
DA:248,0
DA:249,0
DA:250,0
DA:252,0
DA:253,0
DA:254,0
DA:268,0
DA:269,0
DA:278,0
DA:280,0
DA:285,0
DA:286,0
DA:288,0
DA:289,0
DA:291,0
DA:295,0
DA:296,0
DA:299,0
DA:312,0
DA:313,0
DA:314,0
DA:315,0
DA:317,0
DA:323,0
DA:325,0
DA:330,0
DA:332,0
DA:333,0
DA:334,0
DA:338,0
DA:339,0
DA:342,0
DA:346,0
DA:347,0
DA:356,0
DA:358,0
LF:140
LH:0
BRDA:40,0,0,0
BRDA:40,0,1,0
BRDA:41,1,0,0
BRDA:41,1,1,0
BRDA:48,2,0,0
BRDA:48,2,1,0
BRDA:49,3,0,0
BRDA:49,3,1,0
BRDA:57,4,0,0
BRDA:57,4,1,0
BRDA:97,5,0,0
BRDA:97,5,1,0
BRDA:114,6,0,0
BRDA:114,6,1,0
BRDA:115,7,0,0
BRDA:115,7,1,0
BRDA:116,8,0,0
BRDA:116,8,1,0
BRDA:117,9,0,0
BRDA:117,9,1,0
BRDA:174,10,0,0
BRDA:174,10,1,0
BRDA:191,11,0,0
BRDA:191,11,1,0
BRDA:192,12,0,0
BRDA:192,12,1,0
BRDA:193,13,0,0
BRDA:193,13,1,0
BRDA:268,14,0,0
BRDA:268,14,1,0
BRDA:295,15,0,0
BRDA:295,15,1,0
BRDA:312,16,0,0
BRDA:312,16,1,0
BRDA:313,17,0,0
BRDA:313,17,1,0
BRDA:314,18,0,0
BRDA:314,18,1,0
BRDA:338,19,0,0
BRDA:338,19,1,0
BRDA:346,20,0,0
BRDA:346,20,1,0
BRF:42
BRH:0
end_of_record
TN:
SF:src\lib\prisma.ts
FN:4,getDatabaseUrl
FN:13,initPrisma
FN:23,getPrisma
FNF:3
FNH:3
FNDA:1,getDatabaseUrl
FNDA:1,initPrisma
FNDA:1,getPrisma
DA:2,2
DA:5,1
DA:6,1
DA:7,0
DA:8,0
DA:10,1
DA:14,1
DA:15,1
DA:24,1
DA:25,1
DA:26,1
DA:28,1
DA:30,1
LF:13
LH:11
BRDA:5,0,0,1
BRDA:5,0,1,0
BRDA:6,1,0,0
BRDA:6,1,1,1
BRDA:6,2,0,1
BRDA:6,2,1,1
BRDA:7,3,0,0
BRDA:7,3,1,0
BRDA:16,4,0,0
BRDA:16,4,1,1
BRDA:24,5,0,1
BRDA:24,5,1,0
BRDA:25,6,0,1
BRDA:25,6,1,0
BRF:14
BRH:7
end_of_record
TN:
SF:src\lib\supabase.ts
FNF:0
FNH:0
DA:4,2
DA:6,2
DA:7,2
DA:9,2
DA:10,0
DA:14,0
DA:17,2
LF:7
LH:5
BRDA:9,0,0,0
BRDA:9,0,1,2
BRDA:9,1,0,2
BRDA:9,1,1,2
BRF:4
BRH:3
end_of_record
TN:
SF:src\middlewares\auth.ts
FN:19,(anonymous_0)
FNF:1
FNH:0
FNDA:0,(anonymous_0)
DA:3,2
DA:19,2
DA:20,0
DA:22,0
DA:23,0
DA:26,0
DA:28,0
DA:29,0
DA:31,0
DA:32,0
DA:35,0
DA:36,0
DA:38,0
LF:13
LH:2
BRDA:22,0,0,0
BRDA:22,0,1,0
BRDA:31,1,0,0
BRDA:31,1,1,0
BRDA:31,2,0,0
BRDA:31,2,1,0
BRF:6
BRH:0
end_of_record
TN:
SF:src\routes\auth.ts
FNF:0
FNH:0
DA:5,2
DA:6,2
DA:8,2
DA:9,2
DA:10,2
DA:11,2
DA:12,2
LF:7
LH:7
BRF:0
BRH:0
end_of_record
TN:
SF:src\routes\finance.ts
FNF:0
FNH:0
DA:5,2
DA:6,2
DA:9,2
DA:11,2
DA:13,2
DA:14,2
DA:15,2
DA:16,2
DA:17,2
DA:19,2
DA:20,2
DA:21,2
DA:22,2
DA:23,2
DA:25,2
DA:26,2
DA:27,2
DA:28,2
LF:18
LH:18
BRF:0
BRH:0
end_of_record
